DiagnosticsPlugin.exe Information: 0 : [29/07/2017 16:31:06] Starting DiagnosticPlugin.exe DiagnosticPlugin-ShutdownEvent DiagnosticPlugin-TotalShutdownEvent -wadVer1v5
DiagnosticsPlugin.exe Error: 0 : [29/07/2017 16:31:06] Failed to save IIS Directory state
DiagnosticsPlugin.exe Error: 0 : [29/07/2017 16:31:06] System.Runtime.InteropServices.COMException (0x80040154): Falha na recuperação de fábrica de classes COM do componente com CLSID {2B72133B-3F5B-4602-8952-803546CE3344} devido ao seguinte erro: 80040154 Classe não registrada (Exceção de HRESULT: 0x80040154 (REGDB_E_CLASSNOTREG)).
   em System.Runtime.Remoting.RemotingServices.AllocateUninitializedObject(RuntimeType objectType)
   em System.Runtime.Remoting.Activation.ActivationServices.CreateInstance(RuntimeType serverType)
   em System.Runtime.Remoting.Activation.ActivationServices.IsCurrentContextOK(RuntimeType serverType, Object[] props, Boolean bNewObj)
   em System.RuntimeTypeHandle.CreateInstance(RuntimeType type, Boolean publicOnly, Boolean noCheck, Boolean& canBeCached, RuntimeMethodHandleInternal& ctor, Boolean& bNeedSecurityCheck)
   em System.RuntimeType.CreateInstanceSlow(Boolean publicOnly, Boolean skipCheckThis, Boolean fillCache, StackCrawlMark& stackMark)
   em System.Activator.CreateInstance[T]()
   em Microsoft.Web.Administration.ConfigurationManager.CreateAdminManager[TClass,TInterface](WebConfigurationMap webConfigMap, Boolean isAdminConfig)
   em Microsoft.Web.Administration.ConfigurationManager.CreateConfiguration(WebConfigurationMap configMap, String configPathToEdit, Boolean isAdminConfig)
   em Microsoft.Web.Administration.ConfigurationManager.GetConfiguration(String rawConfigurationPath, String cacheKey, Boolean isAdminConfig)
   em Microsoft.Web.Administration.ServerManager.get_SitesSection()
   em Microsoft.Web.Administration.ServerManager.get_Sites()
   em Microsoft.Azure.Plugins.Plugin.DiagnosticsPluginManager.SaveIISDirectoryState()
DiagnosticsPlugin.exe Information: 0 : [29/07/2017 16:31:06] Starting DiagnosticsPlugin
DiagnosticsPlugin.exe Information: 0 : [29/07/2017 16:31:06] Emulator config file set to C:\Users\Beatriz Tavares\Desktop\projetos\ACMEWorkerRolers\ACMEWorkerRoler\ACMEWorkerRoler\csx\Debug\roles\Papaleguas\approot\diagnostics.wadcfgx
DiagnosticsPlugin.exe Information: 0 : [29/07/2017 16:31:06] DiagnosticsStoreRootPath set to: C:\Users\Beatriz Tavares\AppData\Local\dftmp\Resources\9cbc20ae-0cbb-494f-a380-32b0d83f60f9
DiagnosticsPlugin.exe Information: 0 : [29/07/2017 16:31:06] Loading config file: C:\Users\Beatriz Tavares\Desktop\projetos\ACMEWorkerRolers\ACMEWorkerRoler\ACMEWorkerRoler\csx\Debug\roles\Papaleguas\approot\diagnostics.wadcfgx
DiagnosticsPlugin.exe Information: 0 : [29/07/2017 16:31:06] Config file to read: C:\Users\Beatriz Tavares\Desktop\projetos\ACMEWorkerRolers\ACMEWorkerRoler\ACMEWorkerRoler\csx\Debug\roles\Papaleguas\approot\diagnostics.wadcfgx
DiagnosticsPlugin.exe Information: 0 : [29/07/2017 16:31:06] Checking VM Type
DiagnosticsPlugin.exe Information: 0 : [29/07/2017 16:31:06] Emulator config file set to C:\Users\Beatriz Tavares\Desktop\projetos\ACMEWorkerRolers\ACMEWorkerRoler\ACMEWorkerRoler\csx\Debug\roles\Papaleguas\approot\diagnostics.wadcfgx
DiagnosticsPlugin.exe Information: 0 : [29/07/2017 16:31:06] Extension set to Emulator Mode
DiagnosticsPlugin.exe Information: 0 : [29/07/2017 16:31:06] Reading XML configuration file
DiagnosticsPlugin.exe Information: 0 : [29/07/2017 16:31:06] Bypassing private config decryption
DiagnosticsPlugin.exe Information: 0 : [29/07/2017 16:31:06] WadCfg is provided in initial configuration. Using that to initialize Diagnostics.
DiagnosticsPlugin.exe Information: 0 : [29/07/2017 16:31:06] <PublicConfig xmlns="http://schemas.microsoft.com/ServiceHosting/2010/10/DiagnosticsConfiguration">
  <WadCfg>
    <DiagnosticMonitorConfiguration overallQuotaInMB="4096">
      <DiagnosticInfrastructureLogs scheduledTransferLogLevelFilter="Error" />
      <Logs scheduledTransferPeriod="PT1M" scheduledTransferLogLevelFilter="Error" />
      <Directories scheduledTransferPeriod="PT1M">
        <IISLogs containerName="wad-iis-logfiles" />
        <FailedRequestLogs containerName="wad-failedrequestlogs" />
      </Directories>
      <WindowsEventLog scheduledTransferPeriod="PT1M">
        <DataSource name="Application!*[System[(Level=1 or Level=2 or Level=3)]]" />
        <DataSource name="Windows Azure!*[System[(Level=1 or Level=2 or Level=3 or Level=4)]]" />
      </WindowsEventLog>
      <CrashDumps containerName="wad-crashdumps" dumpType="Mini">
        <CrashDumpConfiguration processName="WaIISHost.exe" />
        <CrashDumpConfiguration processName="WaWorkerHost.exe" />
        <CrashDumpConfiguration processName="w3wp.exe" />
      </CrashDumps>
      <PerformanceCounters scheduledTransferPeriod="PT1M">
        <PerformanceCounterConfiguration counterSpecifier="\Memory\Available MBytes" sampleRate="PT3M" />
        <PerformanceCounterConfiguration counterSpecifier="\Web Service(_Total)\ISAPI Extension Requests/sec" sampleRate="PT3M" />
        <PerformanceCounterConfiguration counterSpecifier="\Web Service(_Total)\Bytes Total/Sec" sampleRate="PT3M" />
        <PerformanceCounterConfiguration counterSpecifier="\ASP.NET Applications(__Total__)\Requests/Sec" sampleRate="PT3M" />
        <PerformanceCounterConfiguration counterSpecifier="\ASP.NET Applications(__Total__)\Errors Total/Sec" sampleRate="PT3M" />
        <PerformanceCounterConfiguration counterSpecifier="\ASP.NET\Requests Queued" sampleRate="PT3M" />
        <PerformanceCounterConfiguration counterSpecifier="\ASP.NET\Requests Rejected" sampleRate="PT3M" />
        <PerformanceCounterConfiguration counterSpecifier="\Processor(_Total)\% Processor Time" sampleRate="PT3M" />
      </PerformanceCounters>
    </DiagnosticMonitorConfiguration>
  </WadCfg>
  <StorageAccount>devstoreaccount1</StorageAccount>
</PublicConfig>
DiagnosticsPlugin.exe Information: 0 : [29/07/2017 16:31:06] Private setting is loaded
DiagnosticsPlugin.exe Information: 0 : [29/07/2017 16:31:06] Is config json/xml loaded
DiagnosticsPlugin.exe Information: 0 : [29/07/2017 16:31:06] Checking if configuration needs to be fetched from the storage account and doing so if needed.
DiagnosticsPlugin.exe Information: 0 : [29/07/2017 16:31:06] Successfully created checkpoint file C:\Users\Beatriz Tavares\AppData\Local\dftmp\Resources\9cbc20ae-0cbb-494f-a380-32b0d83f60f9\WAD0105\Configuration\Checkpoint.txt
DiagnosticsPlugin.exe Information: 0 : [29/07/2017 16:31:06] Will use local resource directory C:\Users\Beatriz Tavares\AppData\Local\dftmp\Resources\9cbc20ae-0cbb-494f-a380-32b0d83f60f9\WAD0105
DiagnosticsPlugin.exe Information: 0 : [29/07/2017 16:31:07] Will use endpoint https://core.windows.net for storage.
DiagnosticsPlugin.exe Information: 0 : [29/07/2017 16:31:07] Exception in creating the ServerManager; is IIS installed?
 Error:System.Runtime.InteropServices.COMException (0x80040154): Falha na recuperação de fábrica de classes COM do componente com CLSID {2B72133B-3F5B-4602-8952-803546CE3344} devido ao seguinte erro: 80040154 Classe não registrada (Exceção de HRESULT: 0x80040154 (REGDB_E_CLASSNOTREG)).
   em System.Runtime.Remoting.RemotingServices.AllocateUninitializedObject(RuntimeType objectType)
   em System.Runtime.Remoting.Activation.ActivationServices.CreateInstance(RuntimeType serverType)
   em System.Runtime.Remoting.Activation.ActivationServices.IsCurrentContextOK(RuntimeType serverType, Object[] props, Boolean bNewObj)
   em System.RuntimeTypeHandle.CreateInstance(RuntimeType type, Boolean publicOnly, Boolean noCheck, Boolean& canBeCached, RuntimeMethodHandleInternal& ctor, Boolean& bNeedSecurityCheck)
   em System.RuntimeType.CreateInstanceSlow(Boolean publicOnly, Boolean skipCheckThis, Boolean fillCache, StackCrawlMark& stackMark)
   em System.Activator.CreateInstance[T]()
   em Microsoft.Web.Administration.ConfigurationManager.CreateAdminManager[TClass,TInterface](WebConfigurationMap webConfigMap, Boolean isAdminConfig)
   em Microsoft.Web.Administration.ConfigurationManager.CreateConfiguration(WebConfigurationMap configMap, String configPathToEdit, Boolean isAdminConfig)
   em Microsoft.Web.Administration.ConfigurationManager.GetConfiguration(String rawConfigurationPath, String cacheKey, Boolean isAdminConfig)
   em Microsoft.Web.Administration.ServerManager.get_SitesSection()
   em Microsoft.Web.Administration.ServerManager.get_Sites()
   em Microsoft.Azure.Plugins.Plugin.WadConfigProcessor.AddDirectories(EventsType mdsEvents, Directories wadDirectories)
DiagnosticsPlugin.exe Information: 0 : [29/07/2017 16:31:07] Running in emulator mode, crash dumps not enabled
DiagnosticsPlugin.exe Information: 0 : [29/07/2017 16:31:07] Checking to see if Application Insights extension needs to be configured.
DiagnosticsPlugin.exe Information: 0 : [29/07/2017 16:31:07] In emulator mode and using devstore updating XStoreAccount info, command line args: -LocalPath "C:\Users\Beatriz Tavares\AppData\Local\dftmp\Resources\9cbc20ae-0cbb-494f-a380-32b0d83f60f9\WAD0105"  -ConfigFile "C:\Users\Beatriz Tavares\AppData\Local\dftmp\Resources\9cbc20ae-0cbb-494f-a380-32b0d83f60f9\WAD0105\Configuration\MaConfig.xml" -ShutDownEvent WADDM-ShutDown-d9ad35c6a8f74cab846e2a70f57c9f8e  -TotalShutDownEvent WADDM-TotalShutDown-d9ad35c6a8f74cab846e2a70f57c9f8e -InitializedEvent WADM-StartUp-d9ad35c6a8f74cab846e2a70f57c9f8e -parent 17000 -events -wadVer1v5 -UseProxyServer -XStoreAccounts WadAccount#true#devstoreaccount1#Eby8vdM02xNOcqFlqUwJPLlmEtlCDXJ1OUzFT50uSRZ6IFsuFq2UVErCz4I6tq/K1SZFPTOtr/KBHBeksoGMGw==#http://127.0.0.1:10002#http://127.0.0.1:10001#http://127.0.0.1:10000
